  main.cpp
C:\Users\Fieldin\Documents\Afeka\ג\גרפיקה ממוחשבת\יחידת־הוראה 1\RiverErrosion\Graphics\Graphics\main.cpp(55,21): warning C4305: 'initializing': truncation from 'double' to 'float'
C:\Users\Fieldin\Documents\Afeka\ג\גרפיקה ממוחשבת\יחידת־הוראה 1\RiverErrosion\Graphics\Graphics\main.cpp(55,26): warning C4305: 'initializing': truncation from 'double' to 'float'
C:\Users\Fieldin\Documents\Afeka\ג\גרפיקה ממוחשבת\יחידת־הוראה 1\RiverErrosion\Graphics\Graphics\main.cpp(55,30): warning C4305: 'initializing': truncation from 'double' to 'float'
C:\Users\Fieldin\Documents\Afeka\ג\גרפיקה ממוחשבת\יחידת־הוראה 1\RiverErrosion\Graphics\Graphics\main.cpp(56,22): warning C4305: 'initializing': truncation from 'double' to 'float'
C:\Users\Fieldin\Documents\Afeka\ג\גרפיקה ממוחשבת\יחידת־הוראה 1\RiverErrosion\Graphics\Graphics\main.cpp(56,27): warning C4305: 'initializing': truncation from 'double' to 'float'
C:\Users\Fieldin\Documents\Afeka\ג\גרפיקה ממוחשבת\יחידת־הוראה 1\RiverErrosion\Graphics\Graphics\main.cpp(56,31): warning C4305: 'initializing': truncation from 'double' to 'float'
C:\Users\Fieldin\Documents\Afeka\ג\גרפיקה ממוחשבת\יחידת־הוראה 1\RiverErrosion\Graphics\Graphics\main.cpp(57,22): warning C4305: 'initializing': truncation from 'double' to 'float'
C:\Users\Fieldin\Documents\Afeka\ג\גרפיקה ממוחשבת\יחידת־הוראה 1\RiverErrosion\Graphics\Graphics\main.cpp(57,27): warning C4305: 'initializing': truncation from 'double' to 'float'
C:\Users\Fieldin\Documents\Afeka\ג\גרפיקה ממוחשבת\יחידת־הוראה 1\RiverErrosion\Graphics\Graphics\main.cpp(57,31): warning C4305: 'initializing': truncation from 'double' to 'float'
C:\Users\Fieldin\Documents\Afeka\ג\גרפיקה ממוחשבת\יחידת־הוראה 1\RiverErrosion\Graphics\Graphics\main.cpp(58,21): warning C4305: 'initializing': truncation from 'double' to 'float'
C:\Users\Fieldin\Documents\Afeka\ג\גרפיקה ממוחשבת\יחידת־הוראה 1\RiverErrosion\Graphics\Graphics\main.cpp(61,21): warning C4305: 'initializing': truncation from 'double' to 'float'
C:\Users\Fieldin\Documents\Afeka\ג\גרפיקה ממוחשבת\יחידת־הוראה 1\RiverErrosion\Graphics\Graphics\main.cpp(61,26): warning C4305: 'initializing': truncation from 'double' to 'float'
C:\Users\Fieldin\Documents\Afeka\ג\גרפיקה ממוחשבת\יחידת־הוראה 1\RiverErrosion\Graphics\Graphics\main.cpp(61,30): warning C4305: 'initializing': truncation from 'double' to 'float'
C:\Users\Fieldin\Documents\Afeka\ג\גרפיקה ממוחשבת\יחידת־הוראה 1\RiverErrosion\Graphics\Graphics\main.cpp(62,22): warning C4305: 'initializing': truncation from 'double' to 'float'
C:\Users\Fieldin\Documents\Afeka\ג\גרפיקה ממוחשבת\יחידת־הוראה 1\RiverErrosion\Graphics\Graphics\main.cpp(62,27): warning C4305: 'initializing': truncation from 'double' to 'float'
C:\Users\Fieldin\Documents\Afeka\ג\גרפיקה ממוחשבת\יחידת־הוראה 1\RiverErrosion\Graphics\Graphics\main.cpp(62,31): warning C4305: 'initializing': truncation from 'double' to 'float'
C:\Users\Fieldin\Documents\Afeka\ג\גרפיקה ממוחשבת\יחידת־הוראה 1\RiverErrosion\Graphics\Graphics\main.cpp(63,22): warning C4305: 'initializing': truncation from 'double' to 'float'
C:\Users\Fieldin\Documents\Afeka\ג\גרפיקה ממוחשבת\יחידת־הוראה 1\RiverErrosion\Graphics\Graphics\main.cpp(63,27): warning C4305: 'initializing': truncation from 'double' to 'float'
C:\Users\Fieldin\Documents\Afeka\ג\גרפיקה ממוחשבת\יחידת־הוראה 1\RiverErrosion\Graphics\Graphics\main.cpp(63,31): warning C4305: 'initializing': truncation from 'double' to 'float'
C:\Users\Fieldin\Documents\Afeka\ג\גרפיקה ממוחשבת\יחידת־הוראה 1\RiverErrosion\Graphics\Graphics\main.cpp(68,21): warning C4305: 'initializing': truncation from 'double' to 'float'
C:\Users\Fieldin\Documents\Afeka\ג\גרפיקה ממוחשבת\יחידת־הוראה 1\RiverErrosion\Graphics\Graphics\main.cpp(68,26): warning C4305: 'initializing': truncation from 'double' to 'float'
C:\Users\Fieldin\Documents\Afeka\ג\גרפיקה ממוחשבת\יחידת־הוראה 1\RiverErrosion\Graphics\Graphics\main.cpp(69,22): warning C4305: 'initializing': truncation from 'double' to 'float'
C:\Users\Fieldin\Documents\Afeka\ג\גרפיקה ממוחשבת\יחידת־הוראה 1\RiverErrosion\Graphics\Graphics\main.cpp(69,27): warning C4305: 'initializing': truncation from 'double' to 'float'
C:\Users\Fieldin\Documents\Afeka\ג\גרפיקה ממוחשבת\יחידת־הוראה 1\RiverErrosion\Graphics\Graphics\main.cpp(69,31): warning C4305: 'initializing': truncation from 'double' to 'float'
C:\Users\Fieldin\Documents\Afeka\ג\גרפיקה ממוחשבת\יחידת־הוראה 1\RiverErrosion\Graphics\Graphics\main.cpp(73,25): warning C4305: 'initializing': truncation from 'double' to 'float'
C:\Users\Fieldin\Documents\Afeka\ג\גרפיקה ממוחשבת\יחידת־הוראה 1\RiverErrosion\Graphics\Graphics\main.cpp(74,22): warning C4305: 'initializing': truncation from 'double' to 'float'
C:\Users\Fieldin\Documents\Afeka\ג\גרפיקה ממוחשבת\יחידת־הוראה 1\RiverErrosion\Graphics\Graphics\main.cpp(74,27): warning C4305: 'initializing': truncation from 'double' to 'float'
C:\Users\Fieldin\Documents\Afeka\ג\גרפיקה ממוחשבת\יחידת־הוראה 1\RiverErrosion\Graphics\Graphics\main.cpp(74,31): warning C4305: 'initializing': truncation from 'double' to 'float'
C:\Users\Fieldin\Documents\Afeka\ג\גרפיקה ממוחשבת\יחידת־הוראה 1\RiverErrosion\Graphics\Graphics\main.cpp(78,25): warning C4305: 'initializing': truncation from 'double' to 'float'
C:\Users\Fieldin\Documents\Afeka\ג\גרפיקה ממוחשבת\יחידת־הוראה 1\RiverErrosion\Graphics\Graphics\main.cpp(80,27): warning C4305: 'initializing': truncation from 'double' to 'float'
C:\Users\Fieldin\Documents\Afeka\ג\גרפיקה ממוחשבת\יחידת־הוראה 1\RiverErrosion\Graphics\Graphics\main.cpp(83,23): warning C4305: 'initializing': truncation from 'double' to 'float'
C:\Users\Fieldin\Documents\Afeka\ג\גרפיקה ממוחשבת\יחידת־הוראה 1\RiverErrosion\Graphics\Graphics\main.cpp(83,27): warning C4305: 'initializing': truncation from 'double' to 'float'
C:\Users\Fieldin\Documents\Afeka\ג\גרפיקה ממוחשבת\יחידת־הוראה 1\RiverErrosion\Graphics\Graphics\main.cpp(85,25): warning C4305: 'initializing': truncation from 'double' to 'float'
C:\Users\Fieldin\Documents\Afeka\ג\גרפיקה ממוחשבת\יחידת־הוראה 1\RiverErrosion\Graphics\Graphics\main.cpp(85,29): warning C4305: 'initializing': truncation from 'double' to 'float'
C:\Users\Fieldin\Documents\Afeka\ג\גרפיקה ממוחשבת\יחידת־הוראה 1\RiverErrosion\Graphics\Graphics\main.cpp(278,20): warning C4305: 'argument': truncation from 'double' to 'GLclampf'
C:\Users\Fieldin\Documents\Afeka\ג\גרפיקה ממוחשבת\יחידת־הוראה 1\RiverErrosion\Graphics\Graphics\main.cpp(284,12): warning C4244: 'argument': conversion from 'time_t' to 'unsigned int', possible loss of data
C:\Users\Fieldin\Documents\Afeka\ג\גרפיקה ממוחשבת\יחידת־הוראה 1\RiverErrosion\Graphics\Graphics\main.cpp(448,15): warning C4244: 'return': conversion from 'double' to 'int', possible loss of data
C:\Users\Fieldin\Documents\Afeka\ג\גרפיקה ממוחשבת\יחידת־הוראה 1\RiverErrosion\Graphics\Graphics\main.cpp(460,15): warning C4244: 'return': conversion from 'double' to 'int', possible loss of data
C:\Users\Fieldin\Documents\Afeka\ג\גרפיקה ממוחשבת\יחידת־הוראה 1\RiverErrosion\Graphics\Graphics\main.cpp(472,15): warning C4244: 'return': conversion from 'double' to 'int', possible loss of data
C:\Users\Fieldin\Documents\Afeka\ג\גרפיקה ממוחשבת\יחידת־הוראה 1\RiverErrosion\Graphics\Graphics\main.cpp(484,15): warning C4244: 'return': conversion from 'double' to 'int', possible loss of data
C:\Users\Fieldin\Documents\Afeka\ג\גרפיקה ממוחשבת\יחידת־הוראה 1\RiverErrosion\Graphics\Graphics\main.cpp(533,15): warning C4244: 'return': conversion from 'double' to 'int', possible loss of data
C:\Users\Fieldin\Documents\Afeka\ג\גרפיקה ממוחשבת\יחידת־הוראה 1\RiverErrosion\Graphics\Graphics\main.cpp(545,15): warning C4244: 'return': conversion from 'double' to 'int', possible loss of data
C:\Users\Fieldin\Documents\Afeka\ג\גרפיקה ממוחשבת\יחידת־הוראה 1\RiverErrosion\Graphics\Graphics\main.cpp(557,15): warning C4244: 'return': conversion from 'double' to 'int', possible loss of data
C:\Users\Fieldin\Documents\Afeka\ג\גרפיקה ממוחשבת\יחידת־הוראה 1\RiverErrosion\Graphics\Graphics\main.cpp(569,15): warning C4244: 'return': conversion from 'double' to 'int', possible loss of data
C:\Users\Fieldin\Documents\Afeka\ג\גרפיקה ממוחשבת\יחידת־הוראה 1\RiverErrosion\Graphics\Graphics\main.cpp(1195,1): warning C4326: return type of 'main' should be 'int' instead of 'void'
  Graphics.vcxproj -> C:\Users\Fieldin\Documents\Afeka\ג\גרפיקה ממוחשבת\יחידת־הוראה 1\RiverErrosion\Graphics\Debug\Graphics.exe
